<?xml version="1.0" encoding="UTF-8"?>
<testng-results ignored="0" total="1" passed="1" failed="0" skipped="0">
  <reporter-output>
  </reporter-output>
  <suite started-at="2019-12-26T05:42:16Z" name="Default suite" finished-at="2019-12-26T05:43:04Z" duration-ms="48154">
    <groups>
    </groups>
    <test started-at="2019-12-26T05:42:16Z" name="Default test" finished-at="2019-12-26T05:43:04Z" duration-ms="48154">
      <class name="trip_advisor.TripAdvisorTest">
        <test-method is-config="true" signature="configBC()[pri:0, instance:trip_advisor.TripAdvisorTest@6f3b5d16]" started-at="2019-12-26T11:12:16Z" name="configBC" finished-at="2019-12-26T11:12:22Z" duration-ms="6228" status="PASS">
          <reporter-output>
          </reporter-output>
        </test-method> <!-- configBC -->
        <test-method signature="rateTripAdvisorTest()[pri:0, instance:trip_advisor.TripAdvisorTest@6f3b5d16]" started-at="2019-12-26T11:12:22Z" name="rateTripAdvisorTest" finished-at="2019-12-26T11:12:54Z" duration-ms="31853" status="PASS">
          <reporter-output>
          </reporter-output>
        </test-method> <!-- rateTripAdvisorTest -->
        <test-method is-config="true" signature="configAC()[pri:0, instance:trip_advisor.TripAdvisorTest@6f3b5d16]" started-at="2019-12-26T11:12:54Z" name="configAC" finished-at="2019-12-26T11:13:04Z" duration-ms="10057" status="PASS">
          <reporter-output>
          </reporter-output>
        </test-method> <!-- configAC -->
        <test-method is-config="true" signature="configAfterSuite()[pri:0, instance:trip_advisor.TripAdvisorTest@6f3b5d16]" started-at="2019-12-26T11:13:04Z" name="configAfterSuite" finished-at="2019-12-26T11:13:04Z" duration-ms="12" status="PASS">
          <reporter-output>
          </reporter-output>
        </test-method> <!-- configAfterSuite -->
      </class> <!-- trip_advisor.TripAdvisorTest -->
    </test> <!-- Default test -->
  </suite> <!-- Default suite -->
</testng-results>
