<?xml version="1.0" encoding="UTF-8"?>
<testng-results ignored="1" total="3" passed="2" failed="0" skipped="0">
  <reporter-output>
    <line>
      <![CDATA[Amazon has Lesser Price than flipkart]]>
    </line>
    <line>
      <![CDATA[Price : 47900]]>
    </line>
  </reporter-output>
  <suite started-at="2019-12-25T05:39:22Z" name="Suite" finished-at="2019-12-25T05:40:50Z" duration-ms="87651">
    <groups>
    </groups>
    <test started-at="2019-12-25T05:39:22Z" name="Test" finished-at="2019-12-25T05:40:50Z" duration-ms="87651">
      <class name="trip_advisor.TripAdvisorTest">
        <test-method is-config="true" signature="configBC()[pri:0, instance:trip_advisor.TripAdvisorTest@6646153]" started-at="2019-12-25T11:09:22Z" name="configBC" finished-at="2019-12-25T11:09:28Z" duration-ms="6223" status="PASS">
          <reporter-output>
          </reporter-output>
        </test-method> <!-- configBC -->
        <test-method signature="rateTripAdvisorTest()[pri:0, instance:trip_advisor.TripAdvisorTest@6646153]" started-at="2019-12-25T11:09:28Z" name="rateTripAdvisorTest" finished-at="2019-12-25T11:10:28Z" duration-ms="59102" status="PASS">
          <reporter-output>
          </reporter-output>
        </test-method> <!-- rateTripAdvisorTest -->
        <test-method is-config="true" signature="configAC()[pri:0, instance:trip_advisor.TripAdvisorTest@6646153]" started-at="2019-12-25T11:10:28Z" name="configAC" finished-at="2019-12-25T11:10:28Z" duration-ms="900" status="PASS">
          <reporter-output>
          </reporter-output>
        </test-method> <!-- configAC -->
        <test-method is-config="true" signature="configAfterSuite()[pri:0, instance:trip_advisor.TripAdvisorTest@6646153]" started-at="2019-12-25T11:10:50Z" name="configAfterSuite" finished-at="2019-12-25T11:10:50Z" duration-ms="16" status="PASS">
          <reporter-output>
          </reporter-output>
        </test-method> <!-- configAfterSuite -->
      </class> <!-- trip_advisor.TripAdvisorTest -->
      <class name="amazon_flipkart.Amazon_FlipkartTest">
        <test-method is-config="true" signature="configBC()[pri:0, instance:amazon_flipkart.Amazon_FlipkartTest@21507a04]" started-at="2019-12-25T11:10:28Z" name="configBC" finished-at="2019-12-25T11:10:34Z" duration-ms="5372" status="PASS">
          <reporter-output>
          </reporter-output>
        </test-method> <!-- configBC -->
        <test-method signature="comparePriceTest()[pri:0, instance:amazon_flipkart.Amazon_FlipkartTest@21507a04]" started-at="2019-12-25T11:10:34Z" name="comparePriceTest" finished-at="2019-12-25T11:10:49Z" duration-ms="15235" status="PASS">
          <reporter-output>
            <line>
              <![CDATA[Amazon has Lesser Price than flipkart]]>
            </line>
            <line>
              <![CDATA[Price : 47900]]>
            </line>
          </reporter-output>
        </test-method> <!-- comparePriceTest -->
        <test-method is-config="true" signature="configAC()[pri:0, instance:amazon_flipkart.Amazon_FlipkartTest@21507a04]" started-at="2019-12-25T11:10:49Z" name="configAC" finished-at="2019-12-25T11:10:50Z" duration-ms="781" status="PASS">
          <reporter-output>
          </reporter-output>
        </test-method> <!-- configAC -->
      </class> <!-- amazon_flipkart.Amazon_FlipkartTest -->
    </test> <!-- Test -->
  </suite> <!-- Suite -->
</testng-results>
