<?xml version="1.0" encoding="UTF-8"?>
<!-- Generated by org.testng.reporters.JUnitXMLReporter -->
<testsuite ignored="1" hostname="adikiprakash" failures="0" tests="2" name="Test" time="85.374" errors="0" timestamp="26 Dec 2019 06:47:20 GMT">
  <testcase classname="trip_advisor.TripAdvisorTest" name="rateTripAdvisorTest" time="31.695"/>
  <testcase classname="amazon_flipkart.Amazon_FlipkartTest" name="comparePriceTest" time="13.862"/>
  <testcase classname="com.task.genericLib.BaseClass" name="@AfterSuite configAfterSuite" time="0.0">
    <ignored/>
  </testcase> <!-- @AfterSuite configAfterSuite -->
</testsuite> <!-- Test -->
