<?xml version="1.0" encoding="UTF-8"?>
<!-- Generated by org.testng.reporters.JUnitXMLReporter -->
<testsuite ignored="1" hostname="adikiprakash" failures="0" tests="2" name="Test" time="87.651" errors="0" timestamp="25 Dec 2019 05:40:50 GMT">
  <testcase classname="trip_advisor.TripAdvisorTest" name="rateTripAdvisorTest" time="59.102"/>
  <testcase classname="amazon_flipkart.Amazon_FlipkartTest" name="comparePriceTest" time="15.235"/>
  <testcase classname="com.task.genericLib.BaseClass" name="@AfterSuite configAfterSuite" time="0.0">
    <ignored/>
  </testcase> <!-- @AfterSuite configAfterSuite -->
</testsuite> <!-- Test -->
